<?xml version="1.0" encoding="UTF-8"?>
<!-- Generated by org.testng.reporters.JUnitXMLReporter -->
<testsuite ignored="0" hostname="LAPTOP-8LJ1OQ8E" failures="1" tests="1" name="Simple Test" time="12.503" errors="0" timestamp="2024-12-27T16:43:14 IST">
  <testcase classname="runner.SimpleTest" name="simpleSearchTest" time="4.011">
    <failure type="java.lang.AssertionError" message="Title does not contain search term expected [true] but found [false]">
      <![CDATA[java.lang.AssertionError: Title does not contain search term expected [true] but found [false]
at runner.SimpleTest.simpleSearchTest(SimpleTest.java:16)
at java.base/java.util.ArrayList.forEach(ArrayList.java:1511)
... Removed 30 stack frames]]>
    </failure>
  </testcase> <!-- simpleSearchTest -->
</testsuite> <!-- Simple Test -->
